<?xml version="1.0" encoding="UTF-8"?>
<testng-results skipped="0" failed="1" total="1" passed="0">
  <reporter-output>
  </reporter-output>
  <suite name="Default suite" duration-ms="97" started-at="2016-09-20T10:22:19Z" finished-at="2016-09-20T10:22:19Z">
    <groups>
    </groups>
    <test name="Default test" duration-ms="97" started-at="2016-09-20T10:22:19Z" finished-at="2016-09-20T10:22:19Z">
      <class name="webautomation.TestBase">
        <test-method status="PASS" signature="Setup()[pri:0, instance:webautomation.TestBase@d2cc05a]" name="Setup" is-config="true" duration-ms="30479" started-at="2016-09-20T15:21:48Z" finished-at="2016-09-20T15:22:19Z">
          <reporter-output>
          </reporter-output>
        </test-method> <!-- Setup -->
      </class> <!-- webautomation.TestBase -->
      <class name="webautomation.BaseLogin">
        <test-method status="FAIL" signature="LoginTest()[pri:0, instance:null]" name="LoginTest" duration-ms="43" started-at="2016-09-20T15:22:19Z" finished-at="2016-09-20T15:22:19Z">
          <exception class="org.testng.TestNGException">
            <message>
              <![CDATA[
Can't invoke public void webautomation.BaseLogin.LoginTest(): either make it static or add a no-args constructor to your class]]>
            </message>
            <full-stacktrace>
              <![CDATA[org.testng.TestNGException: 
Can't invoke public void webautomation.BaseLogin.LoginTest(): either make it static or add a no-args constructor to your class
	at org.testng.internal.Utils.checkInstanceOrStatic(Utils.java:803)
	at org.testng.internal.MethodInvocationHelper.invokeMethod(MethodInvocationHelper.java:36)
	at org.testng.internal.Invoker.invokeMethod(Invoker.java:714)
	at org.testng.internal.Invoker.invokeTestMethod(Invoker.java:901)
	at org.testng.internal.Invoker.invokeTestMethods(Invoker.java:1231)
	at org.testng.internal.TestMethodWorker.invokeTestMethods(TestMethodWorker.java:127)
	at org.testng.internal.TestMethodWorker.run(TestMethodWorker.java:111)
	at org.testng.TestRunner.privateRun(TestRunner.java:767)
	at org.testng.TestRunner.run(TestRunner.java:617)
	at org.testng.SuiteRunner.runTest(SuiteRunner.java:334)
	at org.testng.SuiteRunner.runSequentially(SuiteRunner.java:329)
	at org.testng.SuiteRunner.privateRun(SuiteRunner.java:291)
	at org.testng.SuiteRunner.run(SuiteRunner.java:240)
	at org.testng.SuiteRunnerWorker.runSuite(SuiteRunnerWorker.java:52)
	at org.testng.SuiteRunnerWorker.run(SuiteRunnerWorker.java:86)
	at org.testng.TestNG.runSuitesSequentially(TestNG.java:1198)
	at org.testng.TestNG.runSuitesLocally(TestNG.java:1123)
	at org.testng.TestNG.run(TestNG.java:1031)
	at org.testng.remote.AbstractRemoteTestNG.run(AbstractRemoteTestNG.java:126)
	at org.testng.remote.RemoteTestNG.initAndRun(RemoteTestNG.java:152)
	at org.testng.remote.RemoteTestNG.main(RemoteTestNG.java:57)
]]>
            </full-stacktrace>
          </exception> <!-- org.testng.TestNGException -->
          <reporter-output>
          </reporter-output>
        </test-method> <!-- LoginTest -->
      </class> <!-- webautomation.BaseLogin -->
    </test> <!-- Default test -->
  </suite> <!-- Default suite -->
</testng-results>
